<?xml version="1.0" encoding="UTF-8"?>
<testng-results ignored="0" total="1" passed="1" failed="0" skipped="0">
  <reporter-output>
  </reporter-output>
  <suite started-at="2024-01-03T12:18:14 IST" name="Default suite" finished-at="2024-01-03T12:18:22 IST" duration-ms="7871">
    <groups>
    </groups>
    <test started-at="2024-01-03T12:18:14 IST" name="Default test" finished-at="2024-01-03T12:18:22 IST" duration-ms="7871">
      <class name="Test.Contact_us">
        <test-method signature="click_on_contact_us()[pri:1, instance:Test.Contact_us@4229bb3f]" started-at="2024-01-03T12:18:14 IST" name="click_on_contact_us" finished-at="2024-01-03T12:18:22 IST" duration-ms="7795" status="PASS">
          <reporter-output>
          </reporter-output>
        </test-method> <!-- click_on_contact_us -->
      </class> <!-- Test.Contact_us -->
    </test> <!-- Default test -->
  </suite> <!-- Default suite -->
</testng-results>
